<?xml version="1.0" encoding="UTF-8"?>
<!-- Generated by org.testng.reporters.JUnitXMLReporter -->
<testsuite ignored="0" hostname="COB1086589" failures="0" tests="3" name="Default test" time="6.141" errors="0" timestamp="2023-04-10T16:48:28 IST">
  <testcase classname="apiTesting.restAssured.Basic.LibraryapiTest_JsonParametrization" name="libraryAPIAddBook" time="5.082"/>
  <testcase classname="apiTesting.restAssured.Basic.LibraryapiTest_JsonParametrization" name="libraryAPIAddBook" time="0.462"/>
  <testcase classname="apiTesting.restAssured.Basic.LibraryapiTest_JsonParametrization" name="libraryAPIAddBook" time="0.442"/>
</testsuite> <!-- Default test -->
